<?xml version="1.0" encoding="UTF-8"?>
<testng-results ignored="0" total="1" passed="1" failed="0" skipped="0">
  <reporter-output>
  </reporter-output>
  <suite started-at="2025-03-09T00:51:42 IST" name="OrangeHRM Test Suite" finished-at="2025-03-09T00:51:47 IST" duration-ms="5000">
    <groups>
    </groups>
    <test started-at="2025-03-09T00:51:42 IST" name="Login Test" finished-at="2025-03-09T00:51:47 IST" duration-ms="5000">
      <class name="mavenforjenkin.UTTest">
        <test-method signature="openOrangeHRM()[pri:0, instance:mavenforjenkin.UTTest@1ab3a8c8]" started-at="2025-03-09T00:51:42 IST" name="openOrangeHRM" finished-at="2025-03-09T00:51:47 IST" duration-ms="4968" status="PASS">
          <reporter-output>
          </reporter-output>
        </test-method> <!-- openOrangeHRM -->
      </class> <!-- mavenforjenkin.UTTest -->
    </test> <!-- Login Test -->
  </suite> <!-- OrangeHRM Test Suite -->
</testng-results>
